2020-10-22 09:10I:02 [INFO] - PollingStart
2020-10-22 09:10I:94 [INFO] - PollingStart
2020-10-22 09:10I:96 [INFO] - PollingStart
2020-10-22 09:10I:96 [INFO] - PollingStart
2020-10-22 09:10I:96 [INFO] - PollingStart
2020-10-22 09:10I:97 [INFO] - PollingStart
2020-10-22 09:10I:97 [INFO] - PollingStart
2020-10-22 09:10I:97 [INFO] - PollingStart
2020-10-22 09:10I:98 [INFO] - PollingStart
2020-10-22 09:10I:00 [INFO] - PollingStart
2020-10-22 09:10I:00 [INFO] - PollingStart
2020-10-22 09:10I:02 [INFO] - PollingStart
2020-10-22 09:10I:03 [INFO] - PollingStart
2020-10-22 09:10I:03 [INFO] - PollingStart
2020-10-22 09:10I:03 [INFO] - PollingStart
2020-10-22 09:10I:05 [INFO] - PollingStart
2020-10-22 09:10I:05 [INFO] - PollingStart
2020-10-22 09:10I:07 [INFO] - PollingStart
2020-10-22 09:10I:07 [INFO] - PollingStart
2020-10-22 09:10I:08 [INFO] - PollingStart
2020-10-22 09:10I:08 [INFO] - PollingStart
2020-10-22 09:10I:09 [INFO] - PollingStart
2020-10-22 09:10I:09 [INFO] - PollingStart
2020-10-22 09:10I:10 [INFO] - PollingStart
2020-10-22 09:10I:10 [INFO] - PollingStart
2020-10-22 09:10I:10 [INFO] - PollingStart
2020-10-22 09:10I:11 [INFO] - PollingStart
2020-10-22 09:10I:11 [INFO] - PollingStart
2020-10-22 09:10I:15 [INFO] - PollingStart
2020-10-22 09:10I:13 [INFO] - PollingStart
2020-10-22 09:10I:13 [INFO] - PollingStart
2020-10-22 09:10I:13 [INFO] - PollingStart
2020-10-22 09:10I:13 [INFO] - PollingStart
2020-10-22 09:10I:13 [INFO] - PollingStart
2020-10-22 09:10I:15 [INFO] - PollingStart
2020-10-22 09:10I:15 [INFO] - PollingStart
2020-10-22 09:10I:17 [INFO] - PollingStart
2020-10-22 09:10I:18 [INFO] - PollingStart
2020-10-22 09:10I:18 [INFO] - PollingStart
2020-10-22 09:10I:19 [INFO] - PollingStart
2020-10-22 09:10I:20 [INFO] - PollingStart
2020-10-22 09:10I:21 [INFO] - PollingStart
2020-10-22 09:10I:21 [INFO] - PollingStart
2020-10-22 09:10I:21 [INFO] - PollingStart
2020-10-22 09:10I:21 [INFO] - PollingStart
2020-10-22 09:10I:22 [INFO] - PollingStart
2020-10-22 09:10I:23 [INFO] - PollingStart
2020-10-22 09:10I:24 [INFO] - PollingStart
2020-10-22 09:10I:24 [INFO] - PollingStart
2020-10-22 09:10I:25 [INFO] - PollingStart
2020-10-22 09:10I:26 [INFO] - PollingStart
2020-10-22 09:10I:26 [INFO] - PollingStart
2020-10-22 09:10I:27 [INFO] - PollingStart
2020-10-22 09:10I:27 [INFO] - PollingStart
2020-10-22 09:10I:27 [INFO] - PollingStart
2020-10-22 09:10I:27 [INFO] - PollingStart
2020-10-22 09:10I:28 [INFO] - PollingStart
2020-10-22 09:10I:29 [INFO] - PollingStart
2020-10-22 09:10I:30 [INFO] - PollingStart
2020-10-22 09:10I:30 [INFO] - PollingStart
2020-10-22 09:10I:30 [INFO] - PollingStart
2020-10-22 09:10I:31 [INFO] - PollingStart
2020-10-22 09:10I:32 [INFO] - PollingStart
2020-10-22 09:10I:33 [INFO] - PollingStart
2020-10-22 09:10I:33 [INFO] - PollingStart
2020-10-22 09:10I:33 [INFO] - PollingStart
2020-10-22 09:10I:83 [INFO] - PollingStart
2020-10-22 09:10I:83 [INFO] - PollingStart
2020-10-22 09:10I:83 [INFO] - PollingStart
2020-10-22 09:10I:83 [INFO] - PollingStart
2020-10-22 09:10I:83 [INFO] - PollingStart
2020-10-22 09:10I:84 [INFO] - PollingStart
2020-10-22 09:10I:84 [INFO] - PollingStart
2020-10-22 09:10I:85 [INFO] - PollingStart
2020-10-22 09:10I:86 [INFO] - PollingStart
2020-10-22 09:10I:87 [INFO] - PollingStart
2020-10-22 09:10I:87 [INFO] - PollingStart
2020-10-22 09:10I:88 [INFO] - PollingStart
2020-10-22 09:10I:89 [INFO] - PollingStart
2020-10-22 09:10I:91 [INFO] - PollingStart
2020-10-22 09:10I:92 [INFO] - PollingStart
2020-10-22 09:10I:92 [INFO] - PollingStart
2020-10-22 09:10I:92 [INFO] - PollingStart
2020-10-22 09:10I:92 [INFO] - PollingStart
2020-10-22 09:10I:93 [INFO] - PollingStart
2020-10-22 09:10I:94 [INFO] - PollingStart
2020-10-22 09:10I:97 [INFO] - PollingStart
2020-10-22 09:10I:97 [INFO] - PollingStart
2020-10-22 09:10I:97 [INFO] - PollingStart
2020-10-22 09:10I:98 [INFO] - PollingStart
2020-10-22 09:10I:99 [INFO] - PollingStart
2020-10-22 09:10I:00 [INFO] - PollingStart
2020-10-22 09:10I:00 [INFO] - PollingStart
2020-10-22 09:10I:03 [INFO] - PollingStart
2020-10-22 09:10I:03 [INFO] - PollingStart
2020-10-22 09:10I:03 [INFO] - PollingStart
2020-10-22 09:10I:04 [INFO] - PollingStart
2020-10-22 09:10I:04 [INFO] - PollingStart
2020-10-22 09:10I:04 [INFO] - PollingStart
2020-10-22 09:10I:04 [INFO] - PollingStart
2020-10-22 09:10I:05 [INFO] - PollingStart
2020-10-22 09:10I:05 [INFO] - PollingStart
2020-10-22 09:10I:06 [INFO] - PollingStart
2020-10-22 09:10I:05 [INFO] - PollingStart
2020-10-22 09:10I:06 [INFO] - PollingStart
2020-10-22 09:10I:06 [INFO] - PollingStart
2020-10-22 09:10I:07 [INFO] - PollingStart
2020-10-22 09:10I:09 [INFO] - PollingStart
2020-10-22 09:10I:10 [INFO] - PollingStart
2020-10-22 09:10I:11 [INFO] - PollingStart
2020-10-22 09:10I:11 [INFO] - PollingStart
2020-10-22 09:10I:11 [INFO] - PollingStart
2020-10-22 09:10I:12 [INFO] - PollingStart
2020-10-22 09:10I:12 [INFO] - PollingStart
2020-10-22 09:10I:13 [INFO] - PollingStart
2020-10-22 09:10I:14 [INFO] - PollingStart
2020-10-22 09:10I:14 [INFO] - PollingStart
2020-10-22 09:10I:14 [INFO] - PollingStart
2020-10-22 09:10I:15 [INFO] - PollingStart
2020-10-22 09:10I:26 [INFO] - PollingStart
2020-10-22 09:10I:16 [INFO] - PollingStart
2020-10-22 09:10I:17 [INFO] - PollingStart
2020-10-22 09:10I:18 [INFO] - PollingStart
2020-10-22 09:10I:20 [INFO] - PollingStart
2020-10-22 09:10I:21 [INFO] - PollingStart
2020-10-22 09:10I:22 [INFO] - PollingStart
2020-10-22 09:10I:22 [INFO] - PollingStart
2020-10-22 09:10I:22 [INFO] - PollingStart
2020-10-22 09:10I:22 [INFO] - PollingStart
2020-10-22 09:10I:24 [INFO] - PollingStart
2020-10-22 09:10I:24 [INFO] - PollingStart
2020-10-22 09:10I:25 [INFO] - PollingStart
2020-10-22 09:10I:25 [INFO] - PollingStart
2020-10-22 09:10I:25 [INFO] - PollingStart
2020-10-22 09:10I:26 [INFO] - PollingStart
2020-10-22 09:10I:27 [INFO] - PollingStart
2020-10-22 09:10I:27 [INFO] - PollingStart
2020-10-22 09:10I:27 [INFO] - PollingStart
2020-10-22 09:10I:27 [INFO] - PollingStart
2020-10-22 09:10I:27 [INFO] - PollingStart
2020-10-22 09:10I:27 [INFO] - PollingStart
2020-10-22 09:10I:28 [INFO] - PollingStart
2020-10-22 09:10I:28 [INFO] - PollingStart
2020-10-22 09:10I:28 [INFO] - PollingStart
2020-10-22 09:10I:29 [INFO] - PollingStart
2020-10-22 09:10I:29 [INFO] - PollingStart
2020-10-22 09:10I:29 [INFO] - PollingStart
2020-10-22 09:10I:29 [INFO] - PollingStart
2020-10-22 09:10I:29 [INFO] - PollingStart
2020-10-22 09:10I:30 [INFO] - PollingStart
2020-10-22 09:10I:30 [INFO] - PollingStart
2020-10-22 09:10I:31 [INFO] - PollingStart
2020-10-22 09:10I:31 [INFO] - PollingStart
2020-10-22 09:10I:31 [INFO] - PollingStart
2020-10-22 09:10I:99 [INFO] - PollingStart
2020-10-22 09:10I:14 [INFO] - PollingStart
2020-10-22 09:10I:11 [INFO] - PollingStart
2020-10-22 09:10I:10 [INFO] - PollingStart
2020-10-22 09:10I:10 [INFO] - PollingStart
2020-10-22 09:10I:11 [INFO] - PollingStart
2020-10-22 09:10I:12 [INFO] - PollingStart
2020-10-22 09:10I:13 [INFO] - PollingStart
2020-10-22 09:10I:14 [INFO] - PollingStart
2020-10-22 09:10I:15 [INFO] - PollingStart
2020-10-22 09:10I:15 [INFO] - PollingStart
2020-10-22 09:10I:18 [INFO] - PollingStart
2020-10-22 09:10I:19 [INFO] - Success Delete Log File   Location "./log/2020-10-21.log"
2020-10-22 09:10I:16 [INFO] - PollingStart
2020-10-22 09:10I:19 [INFO] - PollingStart
2020-10-22 09:10I:19 [INFO] - PollingStart
2020-10-22 10:10I:51 [INFO] - PollingStart
2020-10-22 10:10I:48 [INFO] - PollingStart
2020-10-22 10:10I:98 [INFO] - PollingStart
2020-10-22 10:10I:98 [INFO] - PollingStart
2020-10-22 10:10I:98 [INFO] - PollingStart
2020-10-22 10:10I:99 [INFO] - PollingStart
2020-10-22 10:10I:99 [INFO] - PollingStart
2020-10-22 10:10I:00 [INFO] - PollingStart
2020-10-22 10:10I:01 [INFO] - PollingStart
2020-10-22 10:10I:01 [INFO] - PollingStart
2020-10-22 10:10I:02 [INFO] - PollingStart
2020-10-22 10:10I:03 [INFO] - PollingStart
2020-10-22 10:10I:03 [INFO] - PollingStart
2020-10-22 11:10I:41 [INFO] - PollingStart
2020-10-22 11:10I:31 [INFO] - PollingStart
2020-10-22 11:10I:31 [INFO] - PollingStart
2020-10-22 11:10I:32 [INFO] - PollingStart
2020-10-22 11:10I:33 [INFO] - PollingStart
2020-10-22 11:10I:33 [INFO] - PollingStart
2020-10-22 11:10I:34 [INFO] - PollingStart
2020-10-22 11:10I:35 [INFO] - PollingStart
2020-10-22 11:10I:36 [INFO] - PollingStart
2020-10-22 11:10I:37 [INFO] - PollingStart
2020-10-22 11:10I:38 [INFO] - PollingStart
2020-10-22 11:10I:40 [INFO] - PollingStart
2020-10-22 11:10I:41 [INFO] - PollingStart
2020-10-22 11:10I:41 [INFO] - PollingStart
2020-10-22 11:10I:42 [INFO] - PollingStart
2020-10-22 11:10I:44 [INFO] - PollingStart
2020-10-22 11:10I:44 [INFO] - PollingStart
2020-10-22 11:10I:44 [INFO] - PollingStart
2020-10-22 11:10I:44 [INFO] - PollingStart
2020-10-22 11:10I:45 [INFO] - PollingStart
2020-10-22 11:10I:44 [INFO] - PollingStart
2020-10-22 11:10I:45 [INFO] - PollingStart
2020-10-22 11:10I:46 [INFO] - PollingStart
2020-10-22 11:10I:47 [INFO] - PollingStart
2020-10-22 11:10I:47 [INFO] - PollingStart
2020-10-22 11:10I:48 [INFO] - PollingStart
2020-10-22 11:10I:49 [INFO] - PollingStart
2020-10-22 11:10I:50 [INFO] - PollingStart
2020-10-22 11:10I:51 [INFO] - PollingStart
2020-10-22 11:10I:52 [INFO] - PollingStart
2020-10-22 11:10I:53 [INFO] - PollingStart
2020-10-22 11:10I:54 [INFO] - PollingStart
2020-10-22 11:10I:55 [INFO] - PollingStart
2020-10-22 11:10I:55 [INFO] - PollingStart
2020-10-22 11:10I:56 [INFO] - PollingStart
2020-10-22 11:10I:56 [INFO] - PollingStart
2020-10-22 11:10I:57 [INFO] - PollingStart
2020-10-22 11:10I:58 [INFO] - PollingStart
2020-10-22 11:10I:59 [INFO] - PollingStart
2020-10-22 11:10I:59 [INFO] - PollingStart
2020-10-22 11:10I:59 [INFO] - PollingStart
2020-10-22 11:10I:59 [INFO] - PollingStart
2020-10-22 11:10I:59 [INFO] - PollingStart
2020-10-22 11:10I:23 [INFO] - Success Title : 111 body : 111 Seq = 20102211414900240
2020-10-22 11:10I:24 [INFO] - sendPush query =  update own_push_message set send_flag = 'Y'  where push_seq = '20102211414900240'; update own_push_user set last_receive_date=now() where device_id = '00000000-4e3a-9ba8-ffff-ffffef05ac4a';
2020-10-22 11:10I:30 [INFO] - Success Title : 111 body : 111 Seq = 20102211414900241
2020-10-22 11:10I:31 [INFO] - sendPush query =  update own_push_message set send_flag = 'Y'  where push_seq = '20102211414900241'; update own_push_user set last_receive_date=now() where device_id = '00000000-4e3a-9ba8-ffff-ffffef05ac4a';
2020-10-22 11:10I:32 [INFO] - Success Title : 111 body : 111 Seq = 20102211414900239
2020-10-22 11:10I:33 [INFO] - sendPush query =  update own_push_message set send_flag = 'Y'  where push_seq = '20102211414900239'; update own_push_user set last_receive_date=now() where device_id = '00000000-4c8a-5e65-ffff-ffffef05ac4a';
2020-10-22 11:10I:14 [INFO] - PollingStart
2020-10-22 11:10I:72 [INFO] - PollingStart
2020-10-22 11:10I:99 [INFO] - PollingStart
2020-10-22 11:10I:98 [INFO] - PollingStart
2020-10-22 11:10I:99 [INFO] - PollingStart
2020-10-22 11:10I:00 [INFO] - PollingStart
2020-10-22 11:10I:00 [INFO] - PollingStart
2020-10-22 11:10I:00 [INFO] - PollingStart
2020-10-22 11:10I:01 [INFO] - PollingStart
2020-10-22 11:10I:01 [INFO] - PollingStart
2020-10-22 11:10I:01 [INFO] - PollingStart
2020-10-22 11:10I:02 [INFO] - PollingStart
2020-10-22 11:10I:02 [INFO] - PollingStart
2020-10-22 11:10I:02 [INFO] - PollingStart
2020-10-22 11:10I:02 [INFO] - PollingStart
2020-10-22 11:10I:02 [INFO] - PollingStart
2020-10-22 11:10I:04 [INFO] - PollingStart
2020-10-22 11:10I:04 [INFO] - PollingStart
2020-10-22 11:10I:05 [INFO] - PollingStart
2020-10-22 11:10I:06 [INFO] - PollingStart
2020-10-22 11:10I:06 [INFO] - PollingStart
2020-10-22 11:10I:07 [INFO] - PollingStart
2020-10-22 11:10I:07 [INFO] - PollingStart
2020-10-22 11:10I:08 [INFO] - PollingStart
2020-10-22 11:10I:09 [INFO] - PollingStart
2020-10-22 11:10I:09 [INFO] - PollingStart
2020-10-22 11:10I:09 [INFO] - PollingStart
2020-10-22 11:10I:11 [INFO] - PollingStart
2020-10-22 11:10I:11 [INFO] - PollingStart
2020-10-22 11:10I:11 [INFO] - PollingStart
2020-10-22 11:10I:13 [INFO] - PollingStart
2020-10-22 11:10I:14 [INFO] - PollingStart
2020-10-22 11:10I:15 [INFO] - PollingStart
2020-10-22 12:10I:15 [INFO] - PollingStart
2020-10-22 12:10I:16 [INFO] - PollingStart
2020-10-22 12:10I:16 [INFO] - PollingStart
2020-10-22 12:10I:17 [INFO] - PollingStart
2020-10-22 12:10I:17 [INFO] - PollingStart
2020-10-22 12:10I:19 [INFO] - PollingStart
2020-10-22 12:10I:20 [INFO] - PollingStart
2020-10-22 12:10I:20 [INFO] - PollingStart
2020-10-22 12:10I:21 [INFO] - PollingStart
2020-10-22 12:10I:21 [INFO] - PollingStart
2020-10-22 12:10I:21 [INFO] - PollingStart
2020-10-22 12:10I:22 [INFO] - PollingStart
2020-10-22 12:10I:24 [INFO] - PollingStart
2020-10-22 12:10I:24 [INFO] - PollingStart
2020-10-22 12:10I:25 [INFO] - PollingStart
2020-10-22 12:10I:26 [INFO] - PollingStart
2020-10-22 12:10I:26 [INFO] - PollingStart
2020-10-22 12:10I:26 [INFO] - PollingStart
2020-10-22 12:10I:27 [INFO] - PollingStart
2020-10-22 12:10I:28 [INFO] - PollingStart
2020-10-22 12:10I:28 [INFO] - PollingStart
2020-10-22 12:10I:30 [INFO] - PollingStart
2020-10-22 12:10I:31 [INFO] - PollingStart
2020-10-22 12:10I:31 [INFO] - PollingStart
2020-10-22 12:10I:32 [INFO] - PollingStart
2020-10-22 12:10I:33 [INFO] - PollingStart
2020-10-22 12:10I:35 [INFO] - PollingStart
2020-10-22 12:10I:34 [INFO] - PollingStart
2020-10-22 12:10I:35 [INFO] - PollingStart
2020-10-22 12:10I:36 [INFO] - PollingStart
2020-10-22 12:10I:37 [INFO] - PollingStart
2020-10-22 12:10I:37 [INFO] - PollingStart
2020-10-22 12:10I:37 [INFO] - PollingStart
2020-10-22 12:10I:39 [INFO] - PollingStart
2020-10-22 12:10I:39 [INFO] - PollingStart
2020-10-22 12:10I:40 [INFO] - PollingStart
2020-10-22 12:10I:41 [INFO] - PollingStart
2020-10-22 12:10I:41 [INFO] - PollingStart
2020-10-22 12:10I:41 [INFO] - PollingStart
2020-10-22 12:10I:43 [INFO] - PollingStart
2020-10-22 12:10I:43 [INFO] - PollingStart
2020-10-22 12:10I:43 [INFO] - PollingStart
2020-10-22 12:10I:43 [INFO] - PollingStart
2020-10-22 12:10I:44 [INFO] - PollingStart
2020-10-22 12:10I:45 [INFO] - PollingStart
2020-10-22 12:10I:46 [INFO] - PollingStart
2020-10-22 12:10I:47 [INFO] - PollingStart
2020-10-22 12:10I:47 [INFO] - PollingStart
2020-10-22 12:10I:47 [INFO] - PollingStart
2020-10-22 12:10I:47 [INFO] - PollingStart
2020-10-22 12:10I:48 [INFO] - PollingStart
2020-10-22 12:10I:49 [INFO] - PollingStart
2020-10-22 12:10I:49 [INFO] - PollingStart
2020-10-22 12:10I:50 [INFO] - PollingStart
2020-10-22 12:10I:50 [INFO] - PollingStart
2020-10-22 12:10I:52 [INFO] - PollingStart
2020-10-22 12:10I:52 [INFO] - PollingStart
2020-10-22 12:10I:52 [INFO] - PollingStart
2020-10-22 12:10I:53 [INFO] - PollingStart
2020-10-22 12:10I:53 [INFO] - PollingStart
2020-10-22 12:10I:53 [INFO] - PollingStart
2020-10-22 12:10I:55 [INFO] - PollingStart
2020-10-22 12:10I:55 [INFO] - PollingStart
2020-10-22 12:10I:56 [INFO] - PollingStart
2020-10-22 12:10I:57 [INFO] - PollingStart
2020-10-22 12:10I:58 [INFO] - PollingStart
2020-10-22 12:10I:59 [INFO] - PollingStart
2020-10-22 12:10I:59 [INFO] - PollingStart
2020-10-22 12:10I:60 [INFO] - PollingStart
2020-10-22 12:10I:61 [INFO] - PollingStart
2020-10-22 12:10I:62 [INFO] - PollingStart
2020-10-22 12:10I:63 [INFO] - PollingStart
2020-10-22 12:10I:63 [INFO] - PollingStart
2020-10-22 12:10I:64 [INFO] - PollingStart
2020-10-22 12:10I:64 [INFO] - PollingStart
2020-10-22 12:10I:66 [INFO] - PollingStart
2020-10-22 12:10I:67 [INFO] - PollingStart
2020-10-22 12:10I:67 [INFO] - PollingStart
2020-10-22 12:10I:67 [INFO] - PollingStart
2020-10-22 12:10I:68 [INFO] - PollingStart
2020-10-22 12:10I:69 [INFO] - PollingStart
2020-10-22 12:10I:69 [INFO] - PollingStart
2020-10-22 12:10I:69 [INFO] - PollingStart
2020-10-22 12:10I:70 [INFO] - PollingStart
2020-10-22 12:10I:70 [INFO] - PollingStart
2020-10-22 12:10I:70 [INFO] - PollingStart
2020-10-22 12:10I:71 [INFO] - PollingStart
2020-10-22 12:10I:71 [INFO] - PollingStart
2020-10-22 12:10I:71 [INFO] - PollingStart
2020-10-22 12:10I:72 [INFO] - PollingStart
2020-10-22 12:10I:73 [INFO] - PollingStart
2020-10-22 12:10I:73 [INFO] - PollingStart
2020-10-22 12:10I:73 [INFO] - PollingStart
2020-10-22 12:10I:75 [INFO] - PollingStart
2020-10-22 12:10I:75 [INFO] - PollingStart
2020-10-22 12:10I:76 [INFO] - PollingStart
2020-10-22 12:10I:77 [INFO] - PollingStart
2020-10-22 12:10I:77 [INFO] - PollingStart
2020-10-22 12:10I:77 [INFO] - PollingStart
2020-10-22 12:10I:78 [INFO] - PollingStart
2020-10-22 12:10I:79 [INFO] - PollingStart
2020-10-22 12:10I:80 [INFO] - PollingStart
2020-10-22 12:10I:80 [INFO] - PollingStart
2020-10-22 12:10I:81 [INFO] - PollingStart
2020-10-22 12:10I:82 [INFO] - PollingStart
2020-10-22 12:10I:82 [INFO] - PollingStart
2020-10-22 12:10I:83 [INFO] - PollingStart
2020-10-22 12:10I:84 [INFO] - PollingStart
2020-10-22 12:10I:85 [INFO] - PollingStart
2020-10-22 12:10I:86 [INFO] - PollingStart
2020-10-22 12:10I:86 [INFO] - PollingStart
2020-10-22 12:10I:86 [INFO] - PollingStart
2020-10-22 12:10I:87 [INFO] - PollingStart
2020-10-22 12:10I:88 [INFO] - PollingStart
2020-10-22 12:10I:88 [INFO] - PollingStart
2020-10-22 12:10I:89 [INFO] - PollingStart
2020-10-22 12:10I:90 [INFO] - PollingStart
2020-10-22 12:10I:90 [INFO] - PollingStart
2020-10-22 12:10I:92 [INFO] - PollingStart
2020-10-22 12:10I:93 [INFO] - PollingStart
2020-10-22 13:10I:94 [INFO] - PollingStart
2020-10-22 13:10I:94 [INFO] - PollingStart
2020-10-22 13:10I:94 [INFO] - PollingStart
2020-10-22 13:10I:96 [INFO] - PollingStart
2020-10-22 13:10I:96 [INFO] - PollingStart
2020-10-22 13:10:85 [INFO] - PollingStart
2020-10-22 13:10:78 [INFO] - PollingStart
2020-10-22 13:04:19 [INFO] - PollingStart
2020-10-22 13:04:18 [INFO] - PollingStart
2020-10-22 13:04:18 [INFO] - PollingStart
2020-10-22 13:04:18 [INFO] - PollingStart
2020-10-22 13:04:18 [INFO] - PollingStart
2020-10-22 13:04:18 [INFO] - PollingStart
2020-10-22 13:05:18 [INFO] - PollingStart
2020-10-22 13:06:47 [INFO] - PollingStart
2020-10-22 13:06:45 [INFO] - PollingStart
2020-10-22 13:07:46 [INFO] - PollingStart
2020-10-22 13:07:46 [INFO] - PollingStart
2020-10-22 13:08:47 [INFO] - PollingStart
2020-10-22 13:08:47 [INFO] - PollingStart
2020-10-22 13:09:48 [INFO] - PollingStart
2020-10-22 13:09:48 [INFO] - PollingStart
2020-10-22 13:10:48 [INFO] - PollingStart
2020-10-22 13:10:49 [INFO] - PollingStart
2020-10-22 13:11:50 [INFO] - PollingStart
2020-10-22 13:11:51 [INFO] - PollingStart
2020-10-22 13:12:51 [INFO] - PollingStart
